<?xml version="1.0" encoding="UTF-8" standalone="yes"?><!DOCTYPE report PUBLIC "-//JACOCO//DTD Report 1.1//EN"
        "report.dtd">
<report name="PingRestControllerV1ProfileTest (QuarkusTest)">
    <sessioninfo id="CE52819-624b14db" start="1701708947188" dump="1701708950667"/>
    <package name="rs/v1">
        <class name="rs/v1/PingRestControllerV1" sourcefilename="PingRestControllerV1.java">
            <method name="&lt;init&gt;" desc="()V" line="17">
                <counter type="INSTRUCTION" missed="0" covered="3"/>
                <counter type="LINE" missed="0" covered="1"/>
                <counter type="COMPLEXITY" missed="0" covered="1"/>
                <counter type="METHOD" missed="0" covered="1"/>
            </method>
            <method name="ping" desc="()Ljakarta/ws/rs/core/Response;" line="24">
                <counter type="INSTRUCTION" missed="0" covered="5"/>
                <counter type="LINE" missed="0" covered="1"/>
                <counter type="COMPLEXITY" missed="0" covered="1"/>
                <counter type="METHOD" missed="0" covered="1"/>
            </method>
            <counter type="INSTRUCTION" missed="0" covered="8"/>
            <counter type="LINE" missed="0" covered="2"/>
            <counter type="COMPLEXITY" missed="0" covered="2"/>
            <counter type="METHOD" missed="0" covered="2"/>
            <counter type="CLASS" missed="0" covered="1"/>
        </class>
        <sourcefile name="PingRestControllerV1.java">
            <line nr="17" mi="0" ci="3" mb="0" cb="0"/>
            <line nr="24" mi="0" ci="5" mb="0" cb="0"/>
            <counter type="INSTRUCTION" missed="0" covered="8"/>
            <counter type="LINE" missed="0" covered="2"/>
            <counter type="COMPLEXITY" missed="0" covered="2"/>
            <counter type="METHOD" missed="0" covered="2"/>
            <counter type="CLASS" missed="0" covered="1"/>
        </sourcefile>
        <count="INSTRUCTION" missed="0" covered="8"/>
        <counter type="LINE" missed="0" covered="2"/>
        <counter type="COMPLEXITY" missed="0" covered="2"/>
        <counter type="METHOD" missed="0" covered="2"/>
        <counter type="CLASS" missed="0" covered="1"/>
    </package>
    <counter type="INSTRUCTION" missed="0" covered="8"/>
    <counter type="LINE" missed="0" covered="2"/>
    <counter type="COMPLEXITY" missed="0" covered="2"/>
    <counter type="METHOD" missed="0" covered="2"/>
    <counter type="CLASS" missed="0" covered="1"/>
</report>report>